<?xml version="1.0" encoding="UTF-8"?>
<testsuite name="hello.itemservice.validation.BeanValidationTest" tests="1" skipped="0" failures="0" errors="0" timestamp="2025-02-11T15:56:52" hostname="jeonghohyeon-ui-MacBookPro.local" time="0.145">
  <properties/>
  <testcase name="beanValidation()" classname="hello.itemservice.validation.BeanValidationTest" time="0.145"/>
  <system-out><![CDATA[00:56:52.472 [Test worker] DEBUG org.jboss.logging - Logging Provider: org.jboss.logging.Log4j2LoggerProvider
00:56:52.474 [Test worker] INFO org.hibernate.validator.internal.util.Version - HV000001: Hibernate Validator 6.1.7.Final
00:56:52.476 [Test worker] DEBUG org.hibernate.validator.internal.xml.config.ValidationXmlParser - Trying to load META-INF/validation.xml for XML based Validator configuration.
00:56:52.476 [Test worker] DEBUG org.hibernate.validator.internal.xml.config.ResourceLoaderHelper - Trying to load META-INF/validation.xml via TCCL
00:56:52.477 [Test worker] DEBUG org.hibernate.validator.internal.xml.config.ResourceLoaderHelper - Trying to load META-INF/validation.xml via Hibernate Validator's class loader
00:56:52.477 [Test worker] DEBUG org.hibernate.validator.internal.xml.config.ValidationXmlParser - No META-INF/validation.xml found. Using annotation based configuration only.
00:56:52.478 [Test worker] DEBUG org.hibernate.validator.internal.engine.resolver.TraversableResolvers - Cannot find javax.persistence.Persistence on classpath. Assuming non JPA 2 environment. All properties will per default be traversable.
00:56:52.485 [Test worker] DEBUG org.hibernate.validator.messageinterpolation.ResourceBundleMessageInterpolator - Loaded expression factory via original TCCL
00:56:52.520 [Test worker] DEBUG org.hibernate.validator.internal.engine.ValidatorFactoryConfigurationHelper - HV000252: Using org.hibernate.validator.internal.engine.DefaultPropertyNodeNameProvider as property node name provider.
00:56:52.521 [Test worker] DEBUG org.hibernate.validator.internal.engine.ValidatorFactoryConfigurationHelper - HV000234: Using org.hibernate.validator.messageinterpolation.ResourceBundleMessageInterpolator as ValidatorFactory-scoped message interpolator.
00:56:52.521 [Test worker] DEBUG org.hibernate.validator.internal.engine.ValidatorFactoryConfigurationHelper - HV000234: Using org.hibernate.validator.internal.engine.resolver.TraverseAllTraversableResolver as ValidatorFactory-scoped traversable resolver.
00:56:52.522 [Test worker] DEBUG org.hibernate.validator.internal.engine.ValidatorFactoryConfigurationHelper - HV000234: Using org.hibernate.validator.internal.util.ExecutableParameterNameProvider as ValidatorFactory-scoped parameter name provider.
00:56:52.522 [Test worker] DEBUG org.hibernate.validator.internal.engine.ValidatorFactoryConfigurationHelper - HV000234: Using org.hibernate.validator.internal.engine.DefaultClockProvider as ValidatorFactory-scoped clock provider.
00:56:52.522 [Test worker] DEBUG org.hibernate.validator.internal.engine.ValidatorFactoryConfigurationHelper - HV000234: Using org.hibernate.validator.internal.engine.scripting.DefaultScriptEvaluatorFactory as ValidatorFactory-scoped script evaluator factory.
00:56:52.542 [Test worker] DEBUG org.hibernate.validator.internal.metadata.descriptor.ConstraintDescriptorImpl - Adding composing constraint: ConstraintDescriptorImpl{annotation=j.v.c.Min, payloads=[], hasComposingConstraints=true, isReportAsSingleInvalidConstraint=false, constraintLocationKind=FIELD, definedOn=DEFINED_LOCALLY, groups=[interface javax.validation.groups.Default], attributes={groups=[Ljava.lang.Class;@6e3db083, message={javax.validation.constraints.Min.message}, value=1000, payload=[Ljava.lang.Class;@5c0a0e8b}, constraintType=GENERIC, valueUnwrapping=DEFAULT}.
00:56:52.543 [Test worker] DEBUG org.hibernate.validator.internal.metadata.descriptor.ConstraintDescriptorImpl - Adding composing constraint: ConstraintDescriptorImpl{annotation=j.v.c.Max, payloads=[], hasComposingConstraints=true, isReportAsSingleInvalidConstraint=false, constraintLocationKind=FIELD, definedOn=DEFINED_LOCALLY, groups=[interface javax.validation.groups.Default], attributes={groups=[Ljava.lang.Class;@673e7e04, message={javax.validation.constraints.Max.message}, value=1000000, payload=[Ljava.lang.Class;@6bcc4a3e}, constraintType=GENERIC, valueUnwrapping=DEFAULT}.
00:56:52.558 [Test worker] DEBUG org.hibernate.validator.resourceloading.PlatformResourceBundleLocator - ValidationMessages not found.
00:56:52.559 [Test worker] DEBUG org.hibernate.validator.resourceloading.PlatformResourceBundleLocator - ContributorValidationMessages not found.
00:56:52.561 [Test worker] DEBUG org.hibernate.validator.resourceloading.PlatformResourceBundleLocator - org.hibernate.validator.ValidationMessages found.
00:56:52.564 [Test worker] DEBUG org.hibernate.validator.resourceloading.PlatformResourceBundleLocator - ValidationMessages not found.
00:56:52.564 [Test worker] DEBUG org.hibernate.validator.resourceloading.PlatformResourceBundleLocator - ContributorValidationMessages not found.
00:56:52.564 [Test worker] DEBUG org.hibernate.validator.resourceloading.PlatformResourceBundleLocator - org.hibernate.validator.ValidationMessages found.
00:56:52.564 [Test worker] DEBUG org.hibernate.validator.resourceloading.PlatformResourceBundleLocator - ValidationMessages not found.
00:56:52.565 [Test worker] DEBUG org.hibernate.validator.resourceloading.PlatformResourceBundleLocator - ContributorValidationMessages not found.
00:56:52.565 [Test worker] DEBUG org.hibernate.validator.resourceloading.PlatformResourceBundleLocator - org.hibernate.validator.ValidationMessages found.
violation=ConstraintViolationImpl{interpolatedMessage='1000에서 1000000 사이여야 합니다', propertyPath=price, rootBeanClass=class hello.itemservice.domain.item.Item, messageTemplate='{org.hibernate.validator.constraints.Range.message}'}
violation.message=1000에서 1000000 사이여야 합니다
violation=ConstraintViolationImpl{interpolatedMessage='공백일 수 없습니다', propertyPath=itemName, rootBeanClass=class hello.itemservice.domain.item.Item, messageTemplate='{javax.validation.constraints.NotBlank.message}'}
violation.message=공백일 수 없습니다
violation=ConstraintViolationImpl{interpolatedMessage='9999 이하여야 합니다', propertyPath=quantity, rootBeanClass=class hello.itemservice.domain.item.Item, messageTemplate='{javax.validation.constraints.Max.message}'}
violation.message=9999 이하여야 합니다
]]></system-out>
  <system-err><![CDATA[]]></system-err>
</testsuite>
